mode: count
route256/checkout/internal/domain/add_to_cart.go:11.85,16.16 2 0
route256/checkout/internal/domain/add_to_cart.go:20.2,21.48 2 0
route256/checkout/internal/domain/add_to_cart.go:33.2,33.26 1 0
route256/checkout/internal/domain/add_to_cart.go:16.16,18.3 1 0
route256/checkout/internal/domain/add_to_cart.go:21.48,23.19 2 0
route256/checkout/internal/domain/add_to_cart.go:23.19,26.18 2 0
route256/checkout/internal/domain/add_to_cart.go:29.4,29.14 1 0
route256/checkout/internal/domain/add_to_cart.go:26.18,28.5 1 0
route256/checkout/internal/domain/delete_from_cart.go:10.95,12.98 1 0
route256/checkout/internal/domain/delete_from_cart.go:22.2,22.16 1 0
route256/checkout/internal/domain/delete_from_cart.go:26.2,26.12 1 0
route256/checkout/internal/domain/delete_from_cart.go:12.98,15.17 2 0
route256/checkout/internal/domain/delete_from_cart.go:19.3,19.13 1 0
route256/checkout/internal/domain/delete_from_cart.go:15.17,17.4 1 0
route256/checkout/internal/domain/delete_from_cart.go:22.16,24.3 1 0
route256/checkout/internal/domain/domain.go:24.126,29.2 1 2
route256/checkout/internal/domain/domain.go:38.107,43.2 1 2
route256/checkout/internal/domain/domain.go:50.156,55.2 1 2
route256/checkout/internal/domain/domain.go:70.98,76.2 1 0
route256/checkout/internal/domain/domain.go:78.51,81.25 2 2
route256/checkout/internal/domain/domain.go:92.2,92.12 1 2
route256/checkout/internal/domain/domain.go:81.25,82.24 1 4
route256/checkout/internal/domain/domain.go:83.24,84.21 1 0
route256/checkout/internal/domain/domain.go:85.24,86.25 1 2
route256/checkout/internal/domain/domain.go:87.14,88.21 1 2
route256/checkout/internal/domain/list_cart.go:13.110,16.16 2 2
route256/checkout/internal/domain/list_cart.go:25.2,32.81 3 1
route256/checkout/internal/domain/list_cart.go:55.2,59.42 2 1
route256/checkout/internal/domain/list_cart.go:67.2,72.12 3 1
route256/checkout/internal/domain/list_cart.go:88.2,91.22 2 1
route256/checkout/internal/domain/list_cart.go:95.2,95.22 1 1
route256/checkout/internal/domain/list_cart.go:16.16,18.3 1 1
route256/checkout/internal/domain/list_cart.go:32.81,37.17 3 1
route256/checkout/internal/domain/list_cart.go:46.3,51.4 3 1
route256/checkout/internal/domain/list_cart.go:37.17,43.4 1 0
route256/checkout/internal/domain/list_cart.go:59.42,64.3 1 1
route256/checkout/internal/domain/list_cart.go:72.12,74.31 1 1
route256/checkout/internal/domain/list_cart.go:74.31,75.27 1 1
route256/checkout/internal/domain/list_cart.go:78.4,83.18 5 1
route256/checkout/internal/domain/list_cart.go:75.27,77.5 1 0
route256/checkout/internal/domain/list_cart.go:91.22,93.3 1 0
route256/checkout/internal/domain/list_cart.go:98.24,99.11 1 0
route256/checkout/internal/domain/list_cart.go:102.2,102.10 1 0
route256/checkout/internal/domain/list_cart.go:99.11,101.3 1 0
route256/checkout/internal/domain/purchase.go:11.110,21.97 4 0
route256/checkout/internal/domain/purchase.go:66.2,66.16 1 0
route256/checkout/internal/domain/purchase.go:70.2,70.66 1 0
route256/checkout/internal/domain/purchase.go:21.97,24.17 2 0
route256/checkout/internal/domain/purchase.go:30.3,30.31 1 0
route256/checkout/internal/domain/purchase.go:35.3,36.43 2 0
route256/checkout/internal/domain/purchase.go:43.3,47.17 3 0
route256/checkout/internal/domain/purchase.go:52.3,52.43 1 0
route256/checkout/internal/domain/purchase.go:63.3,63.13 1 0
route256/checkout/internal/domain/purchase.go:24.17,26.4 1 0
route256/checkout/internal/domain/purchase.go:30.31,32.4 1 0
route256/checkout/internal/domain/purchase.go:36.43,42.4 2 0
route256/checkout/internal/domain/purchase.go:47.17,49.4 1 0
route256/checkout/internal/domain/purchase.go:52.43,58.18 2 0
route256/checkout/internal/domain/purchase.go:58.18,60.5 1 0
route256/checkout/internal/domain/purchase.go:66.16,68.3 1 0
