mode: count
route256/loms/internal/domain/stocks.go:10.104,13.16 2 2
route256/loms/internal/domain/stocks.go:17.2,17.22 1 1
route256/loms/internal/domain/stocks.go:13.16,15.3 1 1
route256/loms/internal/domain/cancel_order.go:10.89,13.98 1 5
route256/loms/internal/domain/cancel_order.go:37.2,37.16 1 5
route256/loms/internal/domain/cancel_order.go:43.2,44.16 2 2
route256/loms/internal/domain/cancel_order.go:48.2,48.12 1 1
route256/loms/internal/domain/cancel_order.go:13.98,16.17 2 5
route256/loms/internal/domain/cancel_order.go:21.3,21.62 1 4
route256/loms/internal/domain/cancel_order.go:29.3,30.17 2 3
route256/loms/internal/domain/cancel_order.go:34.3,34.13 1 2
route256/loms/internal/domain/cancel_order.go:16.17,18.4 1 1
route256/loms/internal/domain/cancel_order.go:21.62,23.18 2 4
route256/loms/internal/domain/cancel_order.go:23.18,25.5 1 1
route256/loms/internal/domain/cancel_order.go:30.17,32.4 1 1
route256/loms/internal/domain/cancel_order.go:37.16,39.3 1 3
route256/loms/internal/domain/cancel_order.go:44.16,46.3 1 1
route256/loms/internal/domain/create_order.go:10.119,13.16 2 8
route256/loms/internal/domain/create_order.go:18.2,20.97 2 7
route256/loms/internal/domain/create_order.go:73.2,73.16 1 7
route256/loms/internal/domain/create_order.go:89.2,89.22 1 5
route256/loms/internal/domain/create_order.go:13.16,15.3 1 1
route256/loms/internal/domain/create_order.go:20.97,22.39 1 7
route256/loms/internal/domain/create_order.go:69.3,69.13 1 3
route256/loms/internal/domain/create_order.go:22.39,25.18 2 7
route256/loms/internal/domain/create_order.go:29.4,33.45 3 6
route256/loms/internal/domain/create_order.go:57.4,57.48 1 6
route256/loms/internal/domain/create_order.go:62.4,62.51 1 4
route256/loms/internal/domain/create_order.go:25.18,27.5 1 1
route256/loms/internal/domain/create_order.go:33.45,36.18 2 7
route256/loms/internal/domain/create_order.go:40.5,40.32 1 6
route256/loms/internal/domain/create_order.go:36.18,37.11 1 1
route256/loms/internal/domain/create_order.go:40.32,47.6 2 3
route256/loms/internal/domain/create_order.go:47.11,54.6 2 3
route256/loms/internal/domain/create_order.go:57.48,59.5 1 2
route256/loms/internal/domain/create_order.go:62.51,63.111 1 4
route256/loms/internal/domain/create_order.go:63.111,65.6 1 1
route256/loms/internal/domain/create_order.go:73.16,77.17 2 4
route256/loms/internal/domain/create_order.go:77.17,79.4 1 1
route256/loms/internal/domain/create_order.go:80.8,84.17 2 3
route256/loms/internal/domain/create_order.go:84.17,86.4 1 1
route256/loms/internal/domain/domain.go:29.118,34.2 1 22
route256/loms/internal/domain/domain.go:50.38,54.2 1 22
route256/loms/internal/domain/list_order.go:10.113,14.16 2 2
route256/loms/internal/domain/list_order.go:18.2,18.22 1 1
route256/loms/internal/domain/list_order.go:14.16,16.3 1 1
route256/loms/internal/domain/order_payed.go:10.87,15.16 2 3
route256/loms/internal/domain/order_payed.go:21.2,22.16 2 2
route256/loms/internal/domain/order_payed.go:26.2,26.12 1 1
route256/loms/internal/domain/order_payed.go:15.16,17.3 1 1
route256/loms/internal/domain/order_payed.go:22.16,24.3 1 1
route256/loms/internal/domain/orders_to_cancel.go:11.108,15.16 2 2
route256/loms/internal/domain/orders_to_cancel.go:19.2,19.22 1 1
route256/loms/internal/domain/orders_to_cancel.go:15.16,17.3 1 1
